{"/Users/gabe/Coding/fuelapp/COSC4353/server/controllers/MockPricingModule.controller.js": {"path":"/Users/gabe/Coding/fuelapp/COSC4353/server/controllers/MockPricingModule.controller.js","statementMap":{"0":{"start":{"line":2,"column":26},"end":{"line":39,"column":1}},"1":{"start":{"line":3,"column":4},"end":{"line":38,"column":55}},"2":{"start":{"line":4,"column":29},"end":{"line":4,"column":33}},"3":{"start":{"line":5,"column":26},"end":{"line":5,"column":30}},"4":{"start":{"line":6,"column":27},"end":{"line":6,"column":31}},"5":{"start":{"line":7,"column":34},"end":{"line":7,"column":37}},"6":{"start":{"line":8,"column":21},"end":{"line":8,"column":22}},"7":{"start":{"line":9,"column":29},"end":{"line":9,"column":30}},"8":{"start":{"line":10,"column":26},"end":{"line":10,"column":27}},"9":{"start":{"line":11,"column":24},"end":{"line":11,"column":28}},"10":{"start":{"line":13,"column":8},"end":{"line":16,"column":32}},"11":{"start":{"line":14,"column":12},"end":{"line":14,"column":32}},"12":{"start":{"line":16,"column":12},"end":{"line":16,"column":32}},"13":{"start":{"line":18,"column":8},"end":{"line":21,"column":34}},"14":{"start":{"line":19,"column":12},"end":{"line":19,"column":34}},"15":{"start":{"line":21,"column":12},"end":{"line":21,"column":34}},"16":{"start":{"line":23,"column":8},"end":{"line":26,"column":28}},"17":{"start":{"line":24,"column":12},"end":{"line":24,"column":31}},"18":{"start":{"line":26,"column":12},"end":{"line":26,"column":28}},"19":{"start":{"line":28,"column":8},"end":{"line":28,"column":92}},"20":{"start":{"line":29,"column":8},"end":{"line":29,"column":39}},"21":{"start":{"line":30,"column":8},"end":{"line":30,"column":61}},"22":{"start":{"line":31,"column":8},"end":{"line":34,"column":10}},"23":{"start":{"line":36,"column":8},"end":{"line":36,"column":28}},"24":{"start":{"line":38,"column":8},"end":{"line":38,"column":55}}},"fnMap":{"0":{"name":"(anonymous_0)","decl":{"start":{"line":2,"column":26},"end":{"line":2,"column":27}},"loc":{"start":{"line":2,"column":40},"end":{"line":39,"column":1}},"line":2}},"branchMap":{"0":{"loc":{"start":{"line":3,"column":4},"end":{"line":38,"column":55}},"type":"if","locations":[{"start":{"line":3,"column":4},"end":{"line":38,"column":55}},{"start":{"line":38,"column":8},"end":{"line":38,"column":55}}],"line":3},"1":{"loc":{"start":{"line":3,"column":8},"end":{"line":3,"column":68}},"type":"binary-expr","locations":[{"start":{"line":3,"column":8},"end":{"line":3,"column":37}},{"start":{"line":3,"column":41},"end":{"line":3,"column":68}}],"line":3},"2":{"loc":{"start":{"line":13,"column":8},"end":{"line":16,"column":32}},"type":"if","locations":[{"start":{"line":13,"column":8},"end":{"line":16,"column":32}},{"start":{"line":16,"column":12},"end":{"line":16,"column":32}}],"line":13},"3":{"loc":{"start":{"line":18,"column":8},"end":{"line":21,"column":34}},"type":"if","locations":[{"start":{"line":18,"column":8},"end":{"line":21,"column":34}},{"start":{"line":21,"column":12},"end":{"line":21,"column":34}}],"line":18},"4":{"loc":{"start":{"line":23,"column":8},"end":{"line":26,"column":28}},"type":"if","locations":[{"start":{"line":23,"column":8},"end":{"line":26,"column":28}},{"start":{"line":26,"column":12},"end":{"line":26,"column":28}}],"line":23}},"s":{"0":1,"1":5,"2":3,"3":3,"4":3,"5":3,"6":3,"7":3,"8":3,"9":3,"10":3,"11":2,"12":1,"13":3,"14":2,"15":1,"16":3,"17":2,"18":1,"19":3,"20":3,"21":3,"22":3,"23":3,"24":2},"f":{"0":5},"b":{"0":[3,2],"1":[5,4],"2":[2,1],"3":[2,1],"4":[2,1]},"_coverageSchema":"1a1c01bbd47fc00a2c39e90264f33305004495a9","hash":"508499f90f67f354b1973209f7bbffaa2d831268"}
}
